This is pdfTeX, Version 3.1415926-1.40.10 (TeX Live 2009/Debian) (format=pdflatex 2010.6.21)  15 AUG 2010 18:15
entering extended mode
 restricted \write18 enabled.
 %&-line parsing enabled.
**Sample.tex
(./Sample.tex
LaTeX2e <2009/09/24>
Babel <v3.8l> and hyphenation patterns for english, usenglishmax, dumylang, noh
yphenation, ngerman, german, german-x-2009-06-19, ngerman-x-2009-06-19, loaded.

(/usr/share/texmf-texlive/tex/latex/base/report.cls
Document Class: report 2007/10/19 v1.4h Standard LaTeX document class
(/usr/share/texmf-texlive/tex/latex/base/size10.clo
File: size10.clo 2007/10/19 v1.4h Standard LaTeX file (size option)
)
\c@part=\count79
\c@chapter=\count80
\c@section=\count81
\c@subsection=\count82
\c@subsubsection=\count83
\c@paragraph=\count84
\c@subparagraph=\count85
\c@figure=\count86
\c@table=\count87
\abovecaptionskip=\skip41
\belowcaptionskip=\skip42
\bibindent=\dimen102
)
(/usr/share/texmf-texlive/tex/latex/graphics/color.sty
Package: color 2005/11/14 v1.0j Standard LaTeX Color (DPC)

(/etc/texmf/tex/latex/config/color.cfg
File: color.cfg 2007/01/18 v1.5 color configuration of teTeX/TeXLive
)
Package color Info: Driver file: pdftex.def on input line 130.

(/usr/share/texmf-texlive/tex/latex/pdftex-def/pdftex.def
File: pdftex.def 2010/03/12 v0.04p Graphics/color for pdfTeX
\Gread@gobject=\count88
))

LaTeX Warning: Unused global option(s):
    [7pt].

No file Sample.aux.
\openout1 = `Sample.aux'.

LaTeX Font Info:    Checking defaults for OML/cmm/m/it on input line 1.
LaTeX Font Info:    ... okay on input line 1.
LaTeX Font Info:    Checking defaults for T1/cmr/m/n on input line 1.
LaTeX Font Info:    ... okay on input line 1.
LaTeX Font Info:    Checking defaults for OT1/cmr/m/n on input line 1.
LaTeX Font Info:    ... okay on input line 1.
LaTeX Font Info:    Checking defaults for OMS/cmsy/m/n on input line 1.
LaTeX Font Info:    ... okay on input line 1.
LaTeX Font Info:    Checking defaults for OMX/cmex/m/n on input line 1.
LaTeX Font Info:    ... okay on input line 1.
LaTeX Font Info:    Checking defaults for U/cmr/m/n on input line 1.
LaTeX Font Info:    ... okay on input line 1.
(/usr/share/texmf-texlive/tex/context/base/supp-pdf.mkii
[Loading MPS to PDF converter (version 2006.09.02).]
\scratchcounter=\count89
\scratchdimen=\dimen103
\scratchbox=\box26
\nofMPsegments=\count90
\nofMParguments=\count91
\everyMPshowfont=\toks14
\MPscratchCnt=\count92
\MPscratchDim=\dimen104
\MPnumerator=\count93
\everyMPtoPDFconversion=\toks15
)
LaTeX Font Info:    External font `cmex10' loaded for size
(Font)              <7> on input line 1.
LaTeX Font Info:    External font `cmex10' loaded for size
(Font)              <5> on input line 1.
LaTeX Font Info:    Try loading font information for OMS+cmr on input line 1.
 (/usr/share/texmf-texlive/tex/latex/base/omscmr.fd
File: omscmr.fd 1999/05/25 v2.5h Standard LaTeX font definitions
)
LaTeX Font Info:    Font shape `OMS/cmr/m/n' in size <10> not available
(Font)              Font shape `OMS/cmsy/m/n' tried instead on input line 1.

Overfull \hbox (40.87315pt too wide) in paragraph at lines 1--1
\OT1/cmr/m/n/10 13 []\OT1/cmr/bx/n/10 pub-lic ab-stract [][]class[] \OT1/cmr/m/
n/10 Sample$\OML/cmm/m/it/10 <$\OT1/cmr/m/n/10 T,E$\OML/cmm/m/it/10 >$ []\OT1/c
mr/bx/n/10 im-ple-ments[] \OT1/cmr/m/n/10 SampleInter$\OML/cmm/m/it/10 <$\OT1/c
mr/m/n/10 T,E$\OML/cmm/m/it/10 >$\OT1/cmr/m/n/10 ,SampleInter2
 []


Overfull \hbox (34.83417pt too wide) in paragraph at lines 1--1
\OT1/cmr/m/n/10 114         []\OT1/cmr/bx/n/10 else if []\OT1/cmr/m/n/10 ([]\OT
1/cmr/bx/n/10 this[]\OT1/cmr/m/n/10 .stringtest.equals([]"ABC"[]) $\OMS/cmsy/m/
n/10 j$$j$ []\OT1/cmr/bx/n/10 this[]\OT1/cmr/m/n/10 .stringtest.equals([]"DEF"[
]))\OMS/cmsy/m/n/10 f 
 []


Overfull \hbox (19.47832pt too wide) in paragraph at lines 1--1
[]\OT1/cmr/m/n/10 164     []\OT1/cmr/bx/n/10 pub-lic [][]boolean[] \OT1/cmr/m/n
/10 test-Loops([]\OT1/cmr/bx/n/10 final [][]float[] \OT1/cmr/m/n/10 test, [][]S
ample$\OML/cmm/m/it/10 <$\OT1/cmr/m/n/10 T,E$\OML/cmm/m/it/10 >$ \OT1/cmr/m/n/1
0 sam-ple)[]\OT1/cmr/bx/n/10 throws[]
 []


Underfull \hbox (badness 10000) in paragraph at lines 1--1

 []

[1

{/var/lib/texmf/fonts/map/pdftex/updmap/pdftex.map}] [2] [3] [4] [5] [6]
(./Sample.aux) ) 
Here is how much of TeX's memory you used:
 776 strings out of 495021
 9603 string characters out of 1181035
 92957 words of memory out of 3000000
 4035 multiletter control sequences out of 15000+50000
 3948 words of font info for 15 fonts, out of 3000000 for 9000
 28 hyphenation exceptions out of 8191
 23i,5n,17p,38527b,115s stack positions out of 5000i,500n,10000p,200000b,50000s
</usr/share/texmf-texlive/fonts/type1/public/amsfonts/cm/cmbx10
.pfb></usr/share/texmf-texlive/fonts/type1/public/amsfonts/cm/cmmi10.pfb></usr/
share/texmf-texlive/fonts/type1/public/amsfonts/cm/cmr10.pfb></usr/share/texmf-
texlive/fonts/type1/public/amsfonts/cm/cmsy10.pfb>
Output written on Sample.pdf (6 pages, 66712 bytes).
PDF statistics:
 37 PDF objects out of 1000 (max. 8388607)
 0 named destinations out of 1000 (max. 500000)
 1 words of extra memory for PDF output out of 10000 (max. 10000000)

